<?xml version="1.0" encoding="UTF-8"?>
<testng-results ignored="0" total="1" passed="1" failed="0" skipped="0">
  <reporter-output>
  </reporter-output>
  <suite started-at="2020-06-17T15:05:38 MSK" name="Surefire suite" finished-at="2020-06-17T15:05:51 MSK" duration-ms="12533">
    <groups>
      <group name="cucumber">
        <method signature="AbstractTestNGCucumberTests.runScenario(io.cucumber.testng.PickleWrapper, io.cucumber.testng.FeatureWrapper)[pri:0, instance:diaceutics.cucumber.runners.TestRunner@5c671d7f]" name="runScenario" class="io.cucumber.testng.AbstractTestNGCucumberTests"/>
      </group> <!-- cucumber -->
    </groups>
    <test started-at="2020-06-17T15:05:38 MSK" name="Surefire test" finished-at="2020-06-17T15:05:51 MSK" duration-ms="12533">
      <class name="diaceutics.cucumber.runners.TestRunner">
        <test-method is-config="true" signature="setUpClass()[pri:0, instance:diaceutics.cucumber.runners.TestRunner@5c671d7f]" started-at="2020-06-17T15:05:38 MSK" name="setUpClass" finished-at="2020-06-17T15:05:39 MSK" duration-ms="559" status="PASS">
          <reporter-output>
          </reporter-output>
        </test-method> <!-- setUpClass -->
        <test-method signature="runScenario(io.cucumber.testng.PickleWrapper, io.cucumber.testng.FeatureWrapper)[pri:0, instance:diaceutics.cucumber.runners.TestRunner@5c671d7f]" started-at="2020-06-17T15:05:39 MSK" name="runScenario" description="Runs Cucumber Scenarios" data-provider="scenarios" finished-at="2020-06-17T15:05:50 MSK" duration-ms="11832" status="PASS">
          <params>
            <param index="0">
              <value>
                <![CDATA["DIAFE:0001 Possibility to successfully create an unspecified lab"]]>
              </value>
            </param>
            <param index="1">
              <value>
                <![CDATA["Create a Lab"]]>
              </value>
            </param>
          </params>
          <reporter-output>
          </reporter-output>
        </test-method> <!-- runScenario -->
        <test-method is-config="true" signature="tearDownClass()[pri:0, instance:diaceutics.cucumber.runners.TestRunner@5c671d7f]" started-at="2020-06-17T15:05:50 MSK" name="tearDownClass" finished-at="2020-06-17T15:05:51 MSK" duration-ms="88" status="PASS">
          <reporter-output>
          </reporter-output>
        </test-method> <!-- tearDownClass -->
      </class> <!-- diaceutics.cucumber.runners.TestRunner -->
    </test> <!-- Surefire test -->
  </suite> <!-- Surefire suite -->
</testng-results>
